Train Epoch: 1 [0/60000 (0%)]   Loss: 2.305400
Train Epoch: 1 [640/60000 (1%)] Loss: 1.359780
Train Epoch: 1 [1280/60000 (2%)]        Loss: 0.830669
Train Epoch: 1 [1920/60000 (3%)]        Loss: 0.605967
Train Epoch: 1 [2560/60000 (4%)]        Loss: 0.346150
Train Epoch: 1 [3200/60000 (5%)]        Loss: 0.449734
Train Epoch: 1 [3840/60000 (6%)]        Loss: 0.294741
Train Epoch: 1 [4480/60000 (7%)]        Loss: 0.280549
Train Epoch: 1 [5120/60000 (9%)]        Loss: 0.545585
Train Epoch: 1 [5760/60000 (10%)]       Loss: 0.197887
Train Epoch: 1 [6400/60000 (11%)]       Loss: 0.250191
Train Epoch: 1 [7040/60000 (12%)]       Loss: 0.319761
Train Epoch: 1 [7680/60000 (13%)]       Loss: 0.200576
Train Epoch: 1 [8320/60000 (14%)]       Loss: 0.204666
Train Epoch: 1 [8960/60000 (15%)]       Loss: 0.263381
Train Epoch: 1 [9600/60000 (16%)]       Loss: 0.101739
Train Epoch: 1 [10240/60000 (17%)]      Loss: 0.275243
Train Epoch: 1 [10880/60000 (18%)]      Loss: 0.114194
Train Epoch: 1 [11520/60000 (19%)]      Loss: 0.466099
Train Epoch: 1 [12160/60000 (20%)]      Loss: 0.285277
Train Epoch: 1 [12800/60000 (21%)]      Loss: 0.231813
Train Epoch: 1 [13440/60000 (22%)]      Loss: 0.198080
Train Epoch: 1 [14080/60000 (23%)]      Loss: 0.156445
Train Epoch: 1 [14720/60000 (25%)]      Loss: 0.433852
Train Epoch: 1 [15360/60000 (26%)]      Loss: 0.173004
Train Epoch: 1 [16000/60000 (27%)]      Loss: 0.122639
Train Epoch: 1 [16640/60000 (28%)]      Loss: 0.171729
Train Epoch: 1 [17280/60000 (29%)]      Loss: 0.078527
Train Epoch: 1 [17920/60000 (30%)]      Loss: 0.191677
Train Epoch: 1 [18560/60000 (31%)]      Loss: 0.180221
Train Epoch: 1 [19200/60000 (32%)]      Loss: 0.260018
Train Epoch: 1 [19840/60000 (33%)]      Loss: 0.075400
Train Epoch: 1 [20480/60000 (34%)]      Loss: 0.042757
Train Epoch: 1 [21120/60000 (35%)]      Loss: 0.217564
Train Epoch: 1 [21760/60000 (36%)]      Loss: 0.012448
Train Epoch: 1 [22400/60000 (37%)]      Loss: 0.064141
Train Epoch: 1 [23040/60000 (38%)]      Loss: 0.215647
Train Epoch: 1 [23680/60000 (39%)]      Loss: 0.193174
Train Epoch: 1 [24320/60000 (41%)]      Loss: 0.012105
Train Epoch: 1 [24960/60000 (42%)]      Loss: 0.110502
Train Epoch: 1 [25600/60000 (43%)]      Loss: 0.080842
Train Epoch: 1 [26240/60000 (44%)]      Loss: 0.068508
Train Epoch: 1 [26880/60000 (45%)]      Loss: 0.295881
Train Epoch: 1 [27520/60000 (46%)]      Loss: 0.269286
Train Epoch: 1 [28160/60000 (47%)]      Loss: 0.131685
Train Epoch: 1 [28800/60000 (48%)]      Loss: 0.128128
Train Epoch: 1 [29440/60000 (49%)]      Loss: 0.049857
Train Epoch: 1 [30080/60000 (50%)]      Loss: 0.137764
Train Epoch: 1 [30720/60000 (51%)]      Loss: 0.054969
Train Epoch: 1 [31360/60000 (52%)]      Loss: 0.117951
Train Epoch: 1 [32000/60000 (53%)]      Loss: 0.190763
Train Epoch: 1 [32640/60000 (54%)]      Loss: 0.103385
Train Epoch: 1 [33280/60000 (55%)]      Loss: 0.057936
Train Epoch: 1 [33920/60000 (57%)]      Loss: 0.035904
Train Epoch: 1 [34560/60000 (58%)]      Loss: 0.018065
Train Epoch: 1 [35200/60000 (59%)]      Loss: 0.224727
Train Epoch: 1 [35840/60000 (60%)]      Loss: 0.213407
Train Epoch: 1 [36480/60000 (61%)]      Loss: 0.030100
Train Epoch: 1 [37120/60000 (62%)]      Loss: 0.109650
Train Epoch: 1 [37760/60000 (63%)]      Loss: 0.154189
Train Epoch: 1 [38400/60000 (64%)]      Loss: 0.119777
Train Epoch: 1 [39040/60000 (65%)]      Loss: 0.064403
Train Epoch: 1 [39680/60000 (66%)]      Loss: 0.029116
Train Epoch: 1 [40320/60000 (67%)]      Loss: 0.103247
Train Epoch: 1 [40960/60000 (68%)]      Loss: 0.113295
Train Epoch: 1 [41600/60000 (69%)]      Loss: 0.130711
Train Epoch: 1 [42240/60000 (70%)]      Loss: 0.094540
Train Epoch: 1 [42880/60000 (71%)]      Loss: 0.098367
Train Epoch: 1 [43520/60000 (72%)]      Loss: 0.234873
Train Epoch: 1 [44160/60000 (74%)]      Loss: 0.046666
Train Epoch: 1 [44800/60000 (75%)]      Loss: 0.119855
Train Epoch: 1 [45440/60000 (76%)]      Loss: 0.182502
Train Epoch: 1 [46080/60000 (77%)]      Loss: 0.112579
Train Epoch: 1 [46720/60000 (78%)]      Loss: 0.146091
Train Epoch: 1 [47360/60000 (79%)]      Loss: 0.101677
Train Epoch: 1 [48000/60000 (80%)]      Loss: 0.046153
Train Epoch: 1 [48640/60000 (81%)]      Loss: 0.019037
Train Epoch: 1 [49280/60000 (82%)]      Loss: 0.085130
Train Epoch: 1 [49920/60000 (83%)]      Loss: 0.066373
Train Epoch: 1 [50560/60000 (84%)]      Loss: 0.083213
Train Epoch: 1 [51200/60000 (85%)]      Loss: 0.289555
Train Epoch: 1 [51840/60000 (86%)]      Loss: 0.025413
Train Epoch: 1 [52480/60000 (87%)]      Loss: 0.031580
Train Epoch: 1 [53120/60000 (88%)]      Loss: 0.164256
Train Epoch: 1 [53760/60000 (90%)]      Loss: 0.054091
Train Epoch: 1 [54400/60000 (91%)]      Loss: 0.077236
Train Epoch: 1 [55040/60000 (92%)]      Loss: 0.034423
Train Epoch: 1 [55680/60000 (93%)]      Loss: 0.106364
Train Epoch: 1 [56320/60000 (94%)]      Loss: 0.110795
Train Epoch: 1 [56960/60000 (95%)]      Loss: 0.098098
Train Epoch: 1 [57600/60000 (96%)]      Loss: 0.171605
Train Epoch: 1 [58240/60000 (97%)]      Loss: 0.013266
Train Epoch: 1 [58880/60000 (98%)]      Loss: 0.013840
Train Epoch: 1 [59520/60000 (99%)]      Loss: 0.001058

Test set: Average loss: 0.0464, Accuracy: 9850/10000 (98%)

time:  39.40458822250366Train Epoch: 1 [0/60000 (0%)]	Loss: 2.305400
Train Epoch: 1 [640/60000 (1%)]	Loss: 1.359780
Train Epoch: 1 [1280/60000 (2%)]	Loss: 0.830669
Train Epoch: 1 [1920/60000 (3%)]	Loss: 0.605967
Train Epoch: 1 [2560/60000 (4%)]	Loss: 0.346150
Train Epoch: 1 [3200/60000 (5%)]	Loss: 0.449734
Train Epoch: 1 [3840/60000 (6%)]	Loss: 0.294741
Train Epoch: 1 [4480/60000 (7%)]	Loss: 0.280549
Train Epoch: 1 [5120/60000 (9%)]	Loss: 0.545585
Train Epoch: 1 [5760/60000 (10%)]	Loss: 0.197887
Train Epoch: 1 [6400/60000 (11%)]	Loss: 0.250191
Train Epoch: 1 [7040/60000 (12%)]	Loss: 0.319761
Train Epoch: 1 [7680/60000 (13%)]	Loss: 0.200576
Train Epoch: 1 [8320/60000 (14%)]	Loss: 0.204666
Train Epoch: 1 [8960/60000 (15%)]	Loss: 0.263381
Train Epoch: 1 [9600/60000 (16%)]	Loss: 0.101739
Train Epoch: 1 [10240/60000 (17%)]	Loss: 0.275243
Train Epoch: 1 [10880/60000 (18%)]	Loss: 0.114194
Train Epoch: 1 [11520/60000 (19%)]	Loss: 0.466099
Train Epoch: 1 [12160/60000 (20%)]	Loss: 0.285277
Train Epoch: 1 [12800/60000 (21%)]	Loss: 0.231813
Train Epoch: 1 [13440/60000 (22%)]	Loss: 0.198080
Train Epoch: 1 [14080/60000 (23%)]	Loss: 0.156445
Train Epoch: 1 [14720/60000 (25%)]	Loss: 0.433852
Train Epoch: 1 [15360/60000 (26%)]	Loss: 0.173004
Train Epoch: 1 [16000/60000 (27%)]	Loss: 0.122639
Train Epoch: 1 [16640/60000 (28%)]	Loss: 0.171729
Train Epoch: 1 [17280/60000 (29%)]	Loss: 0.078527
Train Epoch: 1 [17920/60000 (30%)]	Loss: 0.191677
Train Epoch: 1 [18560/60000 (31%)]	Loss: 0.180221
Train Epoch: 1 [19200/60000 (32%)]	Loss: 0.260018
Train Epoch: 1 [19840/60000 (33%)]	Loss: 0.075400
Train Epoch: 1 [20480/60000 (34%)]	Loss: 0.042757
Train Epoch: 1 [21120/60000 (35%)]	Loss: 0.217564
Train Epoch: 1 [21760/60000 (36%)]	Loss: 0.012448
Train Epoch: 1 [22400/60000 (37%)]	Loss: 0.064141
Train Epoch: 1 [23040/60000 (38%)]	Loss: 0.215647
Train Epoch: 1 [23680/60000 (39%)]	Loss: 0.193174
Train Epoch: 1 [24320/60000 (41%)]	Loss: 0.012105
Train Epoch: 1 [24960/60000 (42%)]	Loss: 0.110502
Train Epoch: 1 [25600/60000 (43%)]	Loss: 0.080842
Train Epoch: 1 [26240/60000 (44%)]	Loss: 0.068508
Train Epoch: 1 [26880/60000 (45%)]	Loss: 0.295881
Train Epoch: 1 [27520/60000 (46%)]	Loss: 0.269286
Train Epoch: 1 [28160/60000 (47%)]	Loss: 0.131685
Train Epoch: 1 [28800/60000 (48%)]	Loss: 0.128128
Train Epoch: 1 [29440/60000 (49%)]	Loss: 0.049857
Train Epoch: 1 [30080/60000 (50%)]	Loss: 0.137764
Train Epoch: 1 [30720/60000 (51%)]	Loss: 0.054969
Train Epoch: 1 [31360/60000 (52%)]	Loss: 0.117951
Train Epoch: 1 [32000/60000 (53%)]	Loss: 0.190763
Train Epoch: 1 [32640/60000 (54%)]	Loss: 0.103385
Train Epoch: 1 [33280/60000 (55%)]	Loss: 0.057936
Train Epoch: 1 [33920/60000 (57%)]	Loss: 0.035904
Train Epoch: 1 [34560/60000 (58%)]	Loss: 0.018065
Train Epoch: 1 [35200/60000 (59%)]	Loss: 0.224727
Train Epoch: 1 [35840/60000 (60%)]	Loss: 0.213407
Train Epoch: 1 [36480/60000 (61%)]	Loss: 0.030100
Train Epoch: 1 [37120/60000 (62%)]	Loss: 0.109650
Train Epoch: 1 [37760/60000 (63%)]	Loss: 0.154189
Train Epoch: 1 [38400/60000 (64%)]	Loss: 0.119777
Train Epoch: 1 [39040/60000 (65%)]	Loss: 0.064403
Train Epoch: 1 [39680/60000 (66%)]	Loss: 0.029116
Train Epoch: 1 [40320/60000 (67%)]	Loss: 0.103247
Train Epoch: 1 [40960/60000 (68%)]	Loss: 0.113295
Train Epoch: 1 [41600/60000 (69%)]	Loss: 0.130711
Train Epoch: 1 [42240/60000 (70%)]	Loss: 0.094540
Train Epoch: 1 [42880/60000 (71%)]	Loss: 0.098367
Train Epoch: 1 [43520/60000 (72%)]	Loss: 0.234873
Train Epoch: 1 [44160/60000 (74%)]	Loss: 0.046666
Train Epoch: 1 [44800/60000 (75%)]	Loss: 0.119855
Train Epoch: 1 [45440/60000 (76%)]	Loss: 0.182502
Train Epoch: 1 [46080/60000 (77%)]	Loss: 0.112579
Train Epoch: 1 [46720/60000 (78%)]	Loss: 0.146091
Train Epoch: 1 [47360/60000 (79%)]	Loss: 0.101677
Train Epoch: 1 [48000/60000 (80%)]	Loss: 0.046153
Train Epoch: 1 [48640/60000 (81%)]	Loss: 0.019037
Train Epoch: 1 [49280/60000 (82%)]	Loss: 0.085130
Train Epoch: 1 [49920/60000 (83%)]	Loss: 0.066373
Train Epoch: 1 [50560/60000 (84%)]	Loss: 0.083213
Train Epoch: 1 [51200/60000 (85%)]	Loss: 0.289555
Train Epoch: 1 [51840/60000 (86%)]	Loss: 0.025413
Train Epoch: 1 [52480/60000 (87%)]	Loss: 0.031580
Train Epoch: 1 [53120/60000 (88%)]	Loss: 0.164256
Train Epoch: 1 [53760/60000 (90%)]	Loss: 0.054091
Train Epoch: 1 [54400/60000 (91%)]	Loss: 0.077236
Train Epoch: 1 [55040/60000 (92%)]	Loss: 0.034423
Train Epoch: 1 [55680/60000 (93%)]	Loss: 0.106364
Train Epoch: 1 [56320/60000 (94%)]	Loss: 0.110795
Train Epoch: 1 [56960/60000 (95%)]	Loss: 0.098098
Train Epoch: 1 [57600/60000 (96%)]	Loss: 0.171605
Train Epoch: 1 [58240/60000 (97%)]	Loss: 0.013266
Train Epoch: 1 [58880/60000 (98%)]	Loss: 0.013840
Train Epoch: 1 [59520/60000 (99%)]	Loss: 0.001058

Test set: Average loss: 0.0464, Accuracy: 9850/10000 (98%)

time:  43.87067270278931
